INFO [2020-06-09 00:31:03] $x
INFO [2020-06-09 00:31:03] list(A = row.names(Data4Pic[Data4Pic$A == 1, ]), B = row.names(Data4Pic[Data4Pic$B == 
INFO [2020-06-09 00:31:03]     1, ]), C = row.names(Data4Pic[Data4Pic$C == 1, ]), D = row.names(Data4Pic[Data4Pic$D == 
INFO [2020-06-09 00:31:03]     1, ]))
INFO [2020-06-09 00:31:03] 
INFO [2020-06-09 00:31:03] $filename
INFO [2020-06-09 00:31:03] NULL
INFO [2020-06-09 00:31:03] 
INFO [2020-06-09 00:31:03] $lwd
INFO [2020-06-09 00:31:03] [1] 3
INFO [2020-06-09 00:31:03] 
INFO [2020-06-09 00:31:03] $alpha
INFO [2020-06-09 00:31:03] [1] 0.6
INFO [2020-06-09 00:31:03] 
INFO [2020-06-09 00:31:03] $label.col
INFO [2020-06-09 00:31:03] [1] "white"
INFO [2020-06-09 00:31:03] 
INFO [2020-06-09 00:31:03] $cex
INFO [2020-06-09 00:31:03] [1] 1.5
INFO [2020-06-09 00:31:03] 
INFO [2020-06-09 00:31:03] $fill
INFO [2020-06-09 00:31:03] c("dodgerblue", "goldenrod1", "darkorange1", "seagreen3")
INFO [2020-06-09 00:31:03] 
INFO [2020-06-09 00:31:03] $cat.col
INFO [2020-06-09 00:31:03] c("dodgerblue", "goldenrod1", "darkorange1", "seagreen3")
INFO [2020-06-09 00:31:03] 
INFO [2020-06-09 00:31:03] $fontfamily
INFO [2020-06-09 00:31:03] [1] "serif"
INFO [2020-06-09 00:31:03] 
INFO [2020-06-09 00:31:03] $fontface
INFO [2020-06-09 00:31:03] [1] "bold"
INFO [2020-06-09 00:31:03] 
INFO [2020-06-09 00:31:03] $cat.fontfamily
INFO [2020-06-09 00:31:03] [1] "serif"
INFO [2020-06-09 00:31:03] 
INFO [2020-06-09 00:31:03] $cat.fontface
INFO [2020-06-09 00:31:03] [1] "bold"
INFO [2020-06-09 00:31:03] 
INFO [2020-06-09 00:31:03] $margin
INFO [2020-06-09 00:31:03] [1] 0.05
INFO [2020-06-09 00:31:03] 
