INFO [2020-06-09 00:33:33] $x
INFO [2020-06-09 00:33:33] list(A = row.names(Data4Pic[Data4Pic$A == 1, ]), B = row.names(Data4Pic[Data4Pic$B == 
INFO [2020-06-09 00:33:33]     1, ]), C = row.names(Data4Pic[Data4Pic$C == 1, ]), D = row.names(Data4Pic[Data4Pic$D == 
INFO [2020-06-09 00:33:33]     1, ]))
INFO [2020-06-09 00:33:33] 
INFO [2020-06-09 00:33:33] $filename
INFO [2020-06-09 00:33:33] NULL
INFO [2020-06-09 00:33:33] 
INFO [2020-06-09 00:33:33] $lwd
INFO [2020-06-09 00:33:33] [1] 3
INFO [2020-06-09 00:33:33] 
INFO [2020-06-09 00:33:33] $alpha
INFO [2020-06-09 00:33:33] [1] 0.6
INFO [2020-06-09 00:33:33] 
INFO [2020-06-09 00:33:33] $label.col
INFO [2020-06-09 00:33:33] [1] "white"
INFO [2020-06-09 00:33:33] 
INFO [2020-06-09 00:33:33] $cex
INFO [2020-06-09 00:33:33] [1] 1.5
INFO [2020-06-09 00:33:33] 
INFO [2020-06-09 00:33:33] $fill
INFO [2020-06-09 00:33:33] c("dodgerblue", "goldenrod1", "darkorange1", "seagreen3")
INFO [2020-06-09 00:33:33] 
INFO [2020-06-09 00:33:33] $cat.col
INFO [2020-06-09 00:33:33] c("dodgerblue", "goldenrod1", "darkorange1", "seagreen3")
INFO [2020-06-09 00:33:33] 
INFO [2020-06-09 00:33:33] $fontfamily
INFO [2020-06-09 00:33:33] [1] "serif"
INFO [2020-06-09 00:33:33] 
INFO [2020-06-09 00:33:33] $fontface
INFO [2020-06-09 00:33:33] [1] "bold"
INFO [2020-06-09 00:33:33] 
INFO [2020-06-09 00:33:33] $cat.fontfamily
INFO [2020-06-09 00:33:33] [1] "serif"
INFO [2020-06-09 00:33:33] 
INFO [2020-06-09 00:33:33] $cat.fontface
INFO [2020-06-09 00:33:33] [1] "bold"
INFO [2020-06-09 00:33:33] 
INFO [2020-06-09 00:33:33] $margin
INFO [2020-06-09 00:33:33] [1] 0.05
INFO [2020-06-09 00:33:33] 
