INFO [2020-06-09 00:39:24] $x
INFO [2020-06-09 00:39:24] list(A = row.names(Data4Pic[Data4Pic$A == 1, ]), B = row.names(Data4Pic[Data4Pic$B == 
INFO [2020-06-09 00:39:24]     1, ]), C = row.names(Data4Pic[Data4Pic$C == 1, ]), D = row.names(Data4Pic[Data4Pic$D == 
INFO [2020-06-09 00:39:24]     1, ]))
INFO [2020-06-09 00:39:24] 
INFO [2020-06-09 00:39:24] $filename
INFO [2020-06-09 00:39:24] NULL
INFO [2020-06-09 00:39:24] 
INFO [2020-06-09 00:39:24] $lwd
INFO [2020-06-09 00:39:24] [1] 3
INFO [2020-06-09 00:39:24] 
INFO [2020-06-09 00:39:24] $alpha
INFO [2020-06-09 00:39:24] [1] 0.6
INFO [2020-06-09 00:39:24] 
INFO [2020-06-09 00:39:24] $label.col
INFO [2020-06-09 00:39:24] [1] "white"
INFO [2020-06-09 00:39:24] 
INFO [2020-06-09 00:39:24] $cex
INFO [2020-06-09 00:39:24] [1] 1.5
INFO [2020-06-09 00:39:24] 
INFO [2020-06-09 00:39:24] $fill
INFO [2020-06-09 00:39:24] c("dodgerblue", "goldenrod1", "darkorange1", "seagreen3")
INFO [2020-06-09 00:39:24] 
INFO [2020-06-09 00:39:24] $cat.col
INFO [2020-06-09 00:39:24] c("dodgerblue", "goldenrod1", "darkorange1", "seagreen3")
INFO [2020-06-09 00:39:24] 
INFO [2020-06-09 00:39:24] $fontfamily
INFO [2020-06-09 00:39:24] [1] "serif"
INFO [2020-06-09 00:39:24] 
INFO [2020-06-09 00:39:24] $fontface
INFO [2020-06-09 00:39:24] [1] "bold"
INFO [2020-06-09 00:39:24] 
INFO [2020-06-09 00:39:24] $cat.fontfamily
INFO [2020-06-09 00:39:24] [1] "serif"
INFO [2020-06-09 00:39:24] 
INFO [2020-06-09 00:39:24] $cat.fontface
INFO [2020-06-09 00:39:24] [1] "bold"
INFO [2020-06-09 00:39:24] 
INFO [2020-06-09 00:39:24] $margin
INFO [2020-06-09 00:39:24] [1] 0.05
INFO [2020-06-09 00:39:24] 
