INFO [2024-10-09 14:08:29] $x
INFO [2024-10-09 14:08:29] list(A = row.names(Data4Pic[Data4Pic$A == 1, ]), B = row.names(Data4Pic[Data4Pic$B == 
INFO [2024-10-09 14:08:29]     1, ]))
INFO [2024-10-09 14:08:29] 
INFO [2024-10-09 14:08:29] $filename
INFO [2024-10-09 14:08:29] NULL
INFO [2024-10-09 14:08:29] 
INFO [2024-10-09 14:08:29] $lwd
INFO [2024-10-09 14:08:29] [1] 3
INFO [2024-10-09 14:08:29] 
INFO [2024-10-09 14:08:29] $alpha
INFO [2024-10-09 14:08:29] [1] 0.6
INFO [2024-10-09 14:08:29] 
INFO [2024-10-09 14:08:29] $label.col
INFO [2024-10-09 14:08:29] [1] "white"
INFO [2024-10-09 14:08:29] 
INFO [2024-10-09 14:08:29] $cex
INFO [2024-10-09 14:08:29] [1] 1.5
INFO [2024-10-09 14:08:29] 
INFO [2024-10-09 14:08:29] $fill
INFO [2024-10-09 14:08:29] c("dodgerblue", "darkorange1")
INFO [2024-10-09 14:08:29] 
INFO [2024-10-09 14:08:29] $cat.col
INFO [2024-10-09 14:08:29] c("dodgerblue", "darkorange1")
INFO [2024-10-09 14:08:29] 
INFO [2024-10-09 14:08:29] $fontfamily
INFO [2024-10-09 14:08:29] [1] "serif"
INFO [2024-10-09 14:08:29] 
INFO [2024-10-09 14:08:29] $fontface
INFO [2024-10-09 14:08:29] [1] "bold"
INFO [2024-10-09 14:08:29] 
INFO [2024-10-09 14:08:29] $cat.fontfamily
INFO [2024-10-09 14:08:29] [1] "serif"
INFO [2024-10-09 14:08:29] 
INFO [2024-10-09 14:08:29] $cat.fontface
INFO [2024-10-09 14:08:29] [1] "bold"
INFO [2024-10-09 14:08:29] 
INFO [2024-10-09 14:08:29] $margin
INFO [2024-10-09 14:08:29] [1] 0.05
INFO [2024-10-09 14:08:29] 
