INFO [2024-10-09 14:07:22] $x
INFO [2024-10-09 14:07:22] list(A = row.names(Data4Pic[Data4Pic$A == 1, ]), B = row.names(Data4Pic[Data4Pic$B == 
INFO [2024-10-09 14:07:22]     1, ]), C = row.names(Data4Pic[Data4Pic$C == 1, ]), D = row.names(Data4Pic[Data4Pic$C == 
INFO [2024-10-09 14:07:22]     1, ]))
INFO [2024-10-09 14:07:22] 
INFO [2024-10-09 14:07:22] $filename
INFO [2024-10-09 14:07:22] NULL
INFO [2024-10-09 14:07:22] 
INFO [2024-10-09 14:07:22] $lwd
INFO [2024-10-09 14:07:22] [1] 3
INFO [2024-10-09 14:07:22] 
INFO [2024-10-09 14:07:22] $alpha
INFO [2024-10-09 14:07:22] [1] 0.6
INFO [2024-10-09 14:07:22] 
INFO [2024-10-09 14:07:22] $label.col
INFO [2024-10-09 14:07:22] [1] "white"
INFO [2024-10-09 14:07:22] 
INFO [2024-10-09 14:07:22] $cex
INFO [2024-10-09 14:07:22] [1] 1.5
INFO [2024-10-09 14:07:22] 
INFO [2024-10-09 14:07:22] $fill
INFO [2024-10-09 14:07:22] c("dodgerblue", "goldenrod1", "darkorange1", "seagreen3")
INFO [2024-10-09 14:07:22] 
INFO [2024-10-09 14:07:22] $cat.col
INFO [2024-10-09 14:07:22] c("dodgerblue", "goldenrod1", "darkorange1", "seagreen3")
INFO [2024-10-09 14:07:22] 
INFO [2024-10-09 14:07:22] $fontfamily
INFO [2024-10-09 14:07:22] [1] "serif"
INFO [2024-10-09 14:07:22] 
INFO [2024-10-09 14:07:22] $fontface
INFO [2024-10-09 14:07:22] [1] "bold"
INFO [2024-10-09 14:07:22] 
INFO [2024-10-09 14:07:22] $cat.fontfamily
INFO [2024-10-09 14:07:22] [1] "serif"
INFO [2024-10-09 14:07:22] 
INFO [2024-10-09 14:07:22] $cat.fontface
INFO [2024-10-09 14:07:22] [1] "bold"
INFO [2024-10-09 14:07:22] 
INFO [2024-10-09 14:07:22] $margin
INFO [2024-10-09 14:07:22] [1] 0.05
INFO [2024-10-09 14:07:22] 
