INFO [2024-10-09 14:06:14] $x
INFO [2024-10-09 14:06:14] list(A = row.names(Data4Pic[Data4Pic$A == 1, ]), B = row.names(Data4Pic[Data4Pic$B == 
INFO [2024-10-09 14:06:14]     1, ]), C = row.names(Data4Pic[Data4Pic$C == 1, ]))
INFO [2024-10-09 14:06:14] 
INFO [2024-10-09 14:06:14] $filename
INFO [2024-10-09 14:06:14] NULL
INFO [2024-10-09 14:06:14] 
INFO [2024-10-09 14:06:14] $lwd
INFO [2024-10-09 14:06:14] [1] 3
INFO [2024-10-09 14:06:14] 
INFO [2024-10-09 14:06:14] $alpha
INFO [2024-10-09 14:06:14] [1] 0.6
INFO [2024-10-09 14:06:14] 
INFO [2024-10-09 14:06:14] $label.col
INFO [2024-10-09 14:06:14] [1] "white"
INFO [2024-10-09 14:06:14] 
INFO [2024-10-09 14:06:14] $cex
INFO [2024-10-09 14:06:14] [1] 1.5
INFO [2024-10-09 14:06:14] 
INFO [2024-10-09 14:06:14] $fill
INFO [2024-10-09 14:06:14] c("dodgerblue", "goldenrod1", "seagreen3")
INFO [2024-10-09 14:06:14] 
INFO [2024-10-09 14:06:14] $cat.col
INFO [2024-10-09 14:06:14] c("dodgerblue", "goldenrod1", "seagreen3")
INFO [2024-10-09 14:06:14] 
INFO [2024-10-09 14:06:14] $fontfamily
INFO [2024-10-09 14:06:14] [1] "serif"
INFO [2024-10-09 14:06:14] 
INFO [2024-10-09 14:06:14] $fontface
INFO [2024-10-09 14:06:14] [1] "bold"
INFO [2024-10-09 14:06:14] 
INFO [2024-10-09 14:06:14] $cat.fontfamily
INFO [2024-10-09 14:06:14] [1] "serif"
INFO [2024-10-09 14:06:14] 
INFO [2024-10-09 14:06:14] $cat.fontface
INFO [2024-10-09 14:06:14] [1] "bold"
INFO [2024-10-09 14:06:14] 
INFO [2024-10-09 14:06:14] $margin
INFO [2024-10-09 14:06:14] [1] 0.05
INFO [2024-10-09 14:06:14] 
