INFO [2024-10-09 14:07:21] $x
INFO [2024-10-09 14:07:21] list(A = row.names(Data4Pic[Data4Pic$A == 1, ]), B = row.names(Data4Pic[Data4Pic$B == 
INFO [2024-10-09 14:07:21]     1, ]))
INFO [2024-10-09 14:07:21] 
INFO [2024-10-09 14:07:21] $filename
INFO [2024-10-09 14:07:21] NULL
INFO [2024-10-09 14:07:21] 
INFO [2024-10-09 14:07:21] $lwd
INFO [2024-10-09 14:07:21] [1] 3
INFO [2024-10-09 14:07:21] 
INFO [2024-10-09 14:07:21] $alpha
INFO [2024-10-09 14:07:21] [1] 0.6
INFO [2024-10-09 14:07:21] 
INFO [2024-10-09 14:07:21] $label.col
INFO [2024-10-09 14:07:21] [1] "white"
INFO [2024-10-09 14:07:21] 
INFO [2024-10-09 14:07:21] $cex
INFO [2024-10-09 14:07:21] [1] 1.5
INFO [2024-10-09 14:07:21] 
INFO [2024-10-09 14:07:21] $fill
INFO [2024-10-09 14:07:21] c("dodgerblue", "darkorange1")
INFO [2024-10-09 14:07:21] 
INFO [2024-10-09 14:07:21] $cat.col
INFO [2024-10-09 14:07:21] c("dodgerblue", "darkorange1")
INFO [2024-10-09 14:07:21] 
INFO [2024-10-09 14:07:21] $fontfamily
INFO [2024-10-09 14:07:21] [1] "serif"
INFO [2024-10-09 14:07:21] 
INFO [2024-10-09 14:07:21] $fontface
INFO [2024-10-09 14:07:21] [1] "bold"
INFO [2024-10-09 14:07:21] 
INFO [2024-10-09 14:07:21] $cat.fontfamily
INFO [2024-10-09 14:07:21] [1] "serif"
INFO [2024-10-09 14:07:21] 
INFO [2024-10-09 14:07:21] $cat.fontface
INFO [2024-10-09 14:07:21] [1] "bold"
INFO [2024-10-09 14:07:21] 
INFO [2024-10-09 14:07:21] $margin
INFO [2024-10-09 14:07:21] [1] 0.05
INFO [2024-10-09 14:07:21] 
