INFO [2024-10-09 14:07:46] $x
INFO [2024-10-09 14:07:46] list(A = row.names(Data4Pic[Data4Pic$A == 1, ]), B = row.names(Data4Pic[Data4Pic$B == 
INFO [2024-10-09 14:07:46]     1, ]))
INFO [2024-10-09 14:07:46] 
INFO [2024-10-09 14:07:46] $filename
INFO [2024-10-09 14:07:46] NULL
INFO [2024-10-09 14:07:46] 
INFO [2024-10-09 14:07:46] $lwd
INFO [2024-10-09 14:07:46] [1] 3
INFO [2024-10-09 14:07:46] 
INFO [2024-10-09 14:07:46] $alpha
INFO [2024-10-09 14:07:46] [1] 0.6
INFO [2024-10-09 14:07:46] 
INFO [2024-10-09 14:07:46] $label.col
INFO [2024-10-09 14:07:46] [1] "white"
INFO [2024-10-09 14:07:46] 
INFO [2024-10-09 14:07:46] $cex
INFO [2024-10-09 14:07:46] [1] 1.5
INFO [2024-10-09 14:07:46] 
INFO [2024-10-09 14:07:46] $fill
INFO [2024-10-09 14:07:46] c("dodgerblue", "darkorange1")
INFO [2024-10-09 14:07:46] 
INFO [2024-10-09 14:07:46] $cat.col
INFO [2024-10-09 14:07:46] c("dodgerblue", "darkorange1")
INFO [2024-10-09 14:07:46] 
INFO [2024-10-09 14:07:46] $fontfamily
INFO [2024-10-09 14:07:46] [1] "serif"
INFO [2024-10-09 14:07:46] 
INFO [2024-10-09 14:07:46] $fontface
INFO [2024-10-09 14:07:46] [1] "bold"
INFO [2024-10-09 14:07:46] 
INFO [2024-10-09 14:07:46] $cat.fontfamily
INFO [2024-10-09 14:07:46] [1] "serif"
INFO [2024-10-09 14:07:46] 
INFO [2024-10-09 14:07:46] $cat.fontface
INFO [2024-10-09 14:07:46] [1] "bold"
INFO [2024-10-09 14:07:46] 
INFO [2024-10-09 14:07:46] $margin
INFO [2024-10-09 14:07:46] [1] 0.05
INFO [2024-10-09 14:07:46] 
