IQ-TREE multicore version 1.6.10 for Windows 64-bit built Feb 19 2019
Developed by Bui Quang Minh, Nguyen Lam Tung, Olga Chernomor,
Heiko Schmidt, Dominik Schrempf, Michael Woodhams.

Host:    yongxin (AVX2, FMA3, 7 GB RAM)
Command: C:\public\win\iqtree.exe -s otus_aligned.fas -bb 1000 -redo -alrt 1000 -nt AUTO -pre iqtree/otus
Seed:    839841 (Using SPRNG - Scalable Parallel Random Number Generator)
Time:    Wed May 27 00:38:57 2020
Kernel:  AVX+FMA - auto-detect threads (12 CPU cores detected)

Reading alignment file otus_aligned.fas ... Fasta format detected
Alignment most likely contains DNA/RNA sequences
Alignment has 100 sequences with 412 columns, 222 distinct patterns
192 parsimony-informative, 19 singleton sites, 201 constant sites
          Gap/Ambiguity  Composition  p-value
   1  ASV_12     10.19%    passed     24.37%
   2  ASV_51     10.19%    passed     14.53%
   3  ASV_40     10.68%    passed     72.98%
   4  ASV_78     10.68%    passed     63.29%
   5  ASV_110     8.01%    passed     95.55%
   6  ASV_16      6.55%    passed     52.60%
   7  ASV_8       6.55%    passed     58.49%
   8  ASV_106     6.55%    passed     58.49%
   9  ASV_53      8.01%    passed     94.89%
  10  ASV_45      8.50%    passed     66.34%
  11  ASV_49      8.50%    passed     54.63%
  12  ASV_18      8.50%    passed     66.34%
  13  ASV_42      8.50%    passed     47.67%
  14  ASV_26      8.50%    passed     46.13%
  15  ASV_92      8.50%    passed     42.35%
  16  ASV_25      8.50%    passed     41.82%
  17  ASV_20      8.50%    passed     49.69%
  18  ASV_23      8.50%    passed     45.99%
  19  ASV_69      8.25%    passed     29.88%
  20  ASV_109     8.50%    passed     33.35%
  21  ASV_59      8.98%    passed     90.07%
  22  ASV_87      8.98%    passed     82.03%
  23  ASV_378     8.74%    passed     50.72%
  24  ASV_86      8.50%    passed     34.21%
  25  ASV_9       8.50%    passed     34.21%
  26  ASV_31      8.50%    passed     23.63%
  27  ASV_28      8.74%    passed     35.02%
  28  ASV_657     6.55%    passed     34.26%
  29  ASV_34      8.50%    passed     51.13%
  30  ASV_21      8.50%    passed     72.37%
  31  ASV_427     8.50%    passed     55.41%
  32  ASV_64      7.77%    passed     98.98%
  33  ASV_54      7.77%    passed     98.19%
  34  ASV_91      7.77%    passed     98.30%
  35  ASV_84      7.77%    passed     98.93%
  36  ASV_88      7.77%    passed     98.03%
  37  ASV_101     7.52%    passed     63.07%
  38  ASV_81      8.01%    passed     96.26%
  39  ASV_114     7.77%    passed     80.16%
  40  ASV_50      9.71%    passed     53.09%
  41  ASV_36      9.71%    passed     43.63%
  42  ASV_83      9.71%    passed     43.63%
  43  ASV_38      9.71%    passed     41.28%
  44  ASV_61      9.71%    passed     61.47%
  45  ASV_11      9.71%    passed     66.06%
  46  ASV_57      9.71%    passed     66.06%
  47  ASV_85      9.71%    passed     37.38%
  48  ASV_41      9.71%    passed     51.59%
  49  ASV_73      9.71%    passed     41.51%
  50  ASV_100     9.71%    passed     75.39%
  51  ASV_13      8.74%    passed     44.73%
  52  ASV_104     8.74%    passed     45.47%
  53  ASV_72      8.74%    passed     56.64%
  54  ASV_75      8.74%    passed     57.48%
  55  ASV_47      8.74%    passed     51.28%
  56  ASV_55      9.71%    passed     91.78%
  57  ASV_4       9.71%    passed     59.19%
  58  ASV_3       9.71%    passed     69.96%
  59  ASV_79      9.71%    passed     88.36%
  60  ASV_2       9.71%    passed     71.77%
  61  ASV_97      9.71%    passed     78.80%
  62  ASV_30      9.71%    passed     75.74%
  63  ASV_32      9.71%    passed     73.46%
  64  ASV_44      9.71%    passed     85.03%
  65  ASV_94      9.71%    passed     55.97%
  66  ASV_166     9.71%    passed     88.36%
  67  ASV_14      9.71%    passed     88.42%
  68  ASV_17      9.71%    passed     91.41%
  69  ASV_6       9.71%    passed     92.47%
  70  ASV_60      9.71%    passed     87.29%
  71  ASV_39      9.71%    passed     88.42%
  72  ASV_102     8.74%    passed     79.66%
  73  ASV_33      8.74%    passed     98.23%
  74  ASV_37      8.74%    passed     94.20%
  75  ASV_89      8.74%    passed     96.38%
  76  ASV_77      8.74%    passed     93.04%
  77  ASV_46      8.74%    passed     93.56%
  78  ASV_93      8.01%    passed     98.76%
  79  ASV_76      8.01%    passed     99.93%
  80  ASV_70      8.01%    passed     99.94%
  81  ASV_80      8.01%    passed     99.88%
  82  ASV_67      8.25%    passed     92.20%
  83  ASV_2157    8.25%    passed     98.37%
  84  ASV_43      8.01%    passed     90.87%
  85  ASV_24      8.25%    passed     68.15%
  86  ASV_63      8.98%    passed     93.18%
  87  ASV_66      8.01%    passed     99.62%
  88  ASV_71      7.77%    passed     65.15%
  89  ASV_29      7.77%    passed     98.17%
  90  ASV_10      7.77%    passed     98.04%
  91  ASV_48      7.77%    passed     94.12%
  92  ASV_62      7.77%    passed     98.66%
  93  ASV_2105    8.25%    passed     80.88%
  94  ASV_27      7.77%    passed     88.39%
  95  ASV_74      7.77%    passed     83.06%
  96  ASV_15      7.77%    passed     86.30%
  97  ASV_56      8.50%    passed     91.35%
  98  ASV_96      8.50%    passed     87.33%
  99  ASV_22      7.77%    passed     94.98%
 100  ASV_68      8.50%    passed     85.04%
****  TOTAL       8.69%  0 sequences failed composition chi2 test (p-value<5%; df=3)


Create initial parsimony tree by phylogenetic likelihood library (PLL)... 0.026 seconds
NOTE: ModelFinder requires 8 MB RAM!
ModelFinder will test 286 DNA models (sample size: 412) ...
 No. Model         -LnL         df  AIC          AICc         BIC
Measuring multi-threading efficiency up to 12 CPU cores
Increase to 10 rounds for branch lengths
627 trees examined
Threads: 1 / Time: 12.010 sec / Speedup: 1.000 / Efficiency: 100% / LogL: -19661
Threads: 2 / Time: 11.894 sec / Speedup: 1.010 / Efficiency: 50% / LogL: -19661
Threads: 3 / Time: 11.684 sec / Speedup: 1.028 / Efficiency: 34% / LogL: -19661
BEST NUMBER OF THREADS: 1

  1  JC            8171.420     197 16736.840    17101.382    17528.981
  2  JC+I          7402.888     198 15201.777    15571.749    15997.939
  3  JC+G4         7048.161     198 14492.322    14862.294    15288.485
  4  JC+I+G4       7001.301     199 14400.601    14776.073    15200.785
  5  JC+R2         7188.734     199 14775.469    15150.940    15575.652
  6  JC+R3         7056.689     201 14515.379    14902.064    15323.604
  7  JC+R4         7040.544     203 14487.088    14885.280    15303.356
  8  JC+R5         7030.563     205 14471.126    14881.126    15295.436
  9  JC+R6         7023.660     207 14461.320    14883.438    15293.672
 10  JC+R7         7016.396     209 14450.791    14885.346    15291.185
 11  JC+R8         7011.544     211 14445.089    14892.409    15293.525
 14  F81+F         8189.395     200 16778.790    17159.833    17582.995
 15  F81+F+I       7421.786     201 15245.573    15632.258    16053.798
 16  F81+F+G4      7065.179     201 14532.359    14919.044    15340.584
 17  F81+F+I+G4    7018.159     202 14440.319    14832.721    15252.565
 18  F81+F+R2      7195.055     202 14794.111    15186.513    15606.357
 19  F81+F+R3      7065.146     204 14538.292    14942.350    15358.580
 20  F81+F+R4      7053.760     206 14519.519    14935.539    15347.850
 21  F81+F+R5      7048.753     208 14513.506    14941.802    15349.879
 27  K2P           8054.808     198 16505.615    16875.587    17301.778
 28  K2P+I         7280.660     199 14959.321    15334.792    15759.504
 29  K2P+G4        6914.238     199 14226.476    14601.948    15026.660
 30  K2P+I+G4      6864.321     200 14128.642    14509.685    14932.847
 31  K2P+R2        7034.659     200 14469.319    14850.362    15273.524
 32  K2P+R3        6909.213     202 14222.427    14614.829    15034.673
 33  K2P+R4        6902.457     204 14212.914    14616.972    15033.203
 34  K2P+R5        6897.228     206 14206.455    14622.475    15034.786
 40  HKY+F         8072.437     201 16546.874    16933.560    17355.100
 41  HKY+F+I       7294.590     202 14993.179    15385.581    15805.426
 42  HKY+F+G4      6918.632     202 14241.264    14633.666    15053.511
 43  HKY+F+I+G4    6871.606     203 14149.212    14547.404    14965.479
 44  HKY+F+R2      7049.605     203 14505.209    14903.401    15321.477
 45  HKY+F+R3      6918.137     205 14246.274    14656.274    15070.583
 46  HKY+F+R4      6913.506     207 14241.011    14663.129    15073.363
 53  TNe           8034.333     199 16466.665    16842.137    17266.849
 54  TNe+I         7268.508     200 14937.016    15318.058    15741.220
 55  TNe+G4        6900.728     200 14201.456    14582.498    15005.660
 56  TNe+I+G4      6854.821     201 14111.642    14498.327    14919.867
 57  TNe+R2        7020.141     201 14442.281    14828.967    15250.507
 58  TNe+R3        6896.844     203 14199.688    14597.880    15015.955
 59  TNe+R4        6892.579     205 14195.159    14605.159    15019.469
 66  TN+F          8036.397     202 16476.795    16869.197    17289.041
 67  TN+F+I        7272.064     203 14950.127    15348.319    15766.395
 68  TN+F+G4       6895.232     203 14196.463    14594.656    15012.731
 69  TN+F+I+G4     6852.190     204 14112.381    14516.439    14932.669
 70  TN+F+R2       7029.481     204 14466.962    14871.020    15287.250
 71  TN+F+R3       6894.476     206 14200.953    14616.972    15029.283
 72  TN+F+R4       6892.045     208 14200.089    14628.385    15036.462
 79  K3P           8054.528     199 16507.057    16882.529    17307.241
 80  K3P+I         7280.216     200 14960.433    15341.476    15764.638
 81  K3P+G4        6913.901     200 14227.801    14608.844    15032.006
 82  K3P+I+G4      6863.788     201 14129.576    14516.262    14937.802
 83  K3P+R2        7026.106     201 14454.213    14840.898    15262.438
 84  K3P+R3        6905.094     203 14216.187    14614.379    15032.455
 85  K3P+R4        6901.995     205 14213.991    14623.991    15038.301
 92  K3Pu+F        8072.359     202 16548.717    16941.119    17360.964
 93  K3Pu+F+I      7294.407     203 14994.815    15393.007    15811.083
 94  K3Pu+F+G4     6918.454     203 14242.907    14641.099    15059.175
 95  K3Pu+F+I+G4   6871.401     204 14150.803    14554.861    14971.091
 96  K3Pu+F+R2     7046.762     204 14501.524    14905.582    15321.813
 97  K3Pu+F+R3     6916.351     206 14244.701    14660.721    15073.032
 98  K3Pu+F+R4     6913.338     208 14242.675    14670.971    15079.048
105  TPM2+F        8071.095     202 16546.191    16938.592    17358.437
106  TPM2+F+I      7290.855     203 14987.711    15385.903    15803.978
107  TPM2+F+G4     6912.019     203 14230.038    14628.230    15046.306
108  TPM2+F+I+G4   6865.311     204 14138.622    14542.680    14958.911
109  TPM2+F+R2     7046.022     204 14500.045    14904.103    15320.334
110  TPM2+F+R3     6912.234     206 14236.467    14652.487    15064.798
111  TPM2+F+R4     6909.099     208 14234.197    14662.493    15070.570
118  TPM2u+F       8071.095     202 16546.190    16938.592    17358.437
119  TPM2u+F+I     7290.857     203 14987.713    15385.905    15803.981
120  TPM2u+F+G4    6912.019     203 14230.039    14628.231    15046.306
121  TPM2u+F+I+G4  6865.310     204 14138.619    14542.677    14958.908
122  TPM2u+F+R2    7046.045     204 14500.091    14904.148    15320.379
123  TPM2u+F+R3    6912.234     206 14236.468    14652.488    15064.799
124  TPM2u+F+R4    6909.097     208 14234.193    14662.489    15070.566
131  TPM3+F        8066.959     202 16537.917    16930.319    17350.164
132  TPM3+F+I      7291.146     203 14988.292    15386.485    15804.560
133  TPM3+F+G4     6907.997     203 14221.994    14620.187    15038.262
134  TPM3+F+I+G4   6861.670     204 14131.340    14535.398    14951.629
135  TPM3+F+R2     7041.572     204 14491.145    14895.203    15311.434
136  TPM3+F+R3     6906.938     206 14225.877    14641.896    15054.208
137  TPM3+F+R4     6903.816     208 14223.632    14651.927    15060.004
144  TPM3u+F       8066.878     202 16537.757    16930.159    17350.003
145  TPM3u+F+I     7290.834     203 14987.667    15385.860    15803.935
146  TPM3u+F+G4    6907.864     203 14221.729    14619.921    15037.996
147  TPM3u+F+I+G4  6861.645     204 14131.290    14535.348    14951.579
148  TPM3u+F+R2    7041.614     204 14491.227    14895.285    15311.516
149  TPM3u+F+R3    6906.935     206 14225.871    14641.890    15054.202
150  TPM3u+F+R4    6903.804     208 14223.608    14651.903    15059.980
157  TIMe          8034.341     200 16468.682    16849.724    17272.886
158  TIMe+I        7267.997     201 14937.994    15324.679    15746.219
159  TIMe+G4       6900.452     201 14202.903    14589.589    15011.129
160  TIMe+I+G4     6854.499     202 14112.999    14505.401    14925.246
161  TIMe+R2       7019.157     202 14442.315    14834.717    15254.561
162  TIMe+R3       6894.950     204 14197.900    14601.958    15018.189
163  TIMe+R4       6892.175     206 14196.349    14612.369    15024.680
170  TIM+F         8036.322     203 16478.645    16876.837    17294.912
171  TIM+F+I       7271.616     204 14951.232    15355.290    15771.521
172  TIM+F+G4      6895.235     204 14198.470    14602.528    15018.759
173  TIM+F+I+G4    6852.136     205 14114.272    14524.272    14938.582
174  TIM+F+R2      7028.950     205 14467.900    14877.900    15292.210
175  TIM+F+R3      6893.984     207 14201.967    14624.085    15034.319
176  TIM+F+R4      6891.916     209 14201.832    14636.387    15042.226
183  TIM2e         8034.653     200 16469.306    16850.349    17273.511
184  TIM2e+I       7267.816     201 14937.631    15324.317    15745.857
185  TIM2e+G4      6899.326     201 14200.653    14587.339    15008.879
186  TIM2e+I+G4    6853.891     202 14111.781    14504.183    14924.028
187  TIM2e+R2      7019.240     202 14442.479    14834.881    15254.726
188  TIM2e+R3      6894.438     204 14196.877    14600.935    15017.165
189  TIM2e+R4      6892.038     206 14196.076    14612.096    15024.407
196  TIM2+F        8035.038     203 16476.075    16874.267    17292.343
197  TIM2+F+I      7268.106     204 14944.213    15348.271    15764.501
198  TIM2+F+G4     6888.764     204 14185.529    14589.587    15005.818
199  TIM2+F+I+G4   6846.439     205 14102.878    14512.878    14927.188
200  TIM2+F+R2     7028.234     205 14466.468    14876.468    15290.778
201  TIM2+F+R3     6888.779     207 14191.558    14613.676    15023.910
202  TIM2+F+R4     6887.573     209 14193.146    14627.701    15033.540
209  TIM3e         8031.947     200 16463.895    16844.937    17268.099
210  TIM3e+I       7266.881     201 14935.763    15322.449    15743.989
211  TIM3e+G4      6895.313     201 14192.627    14579.313    15000.853
212  TIM3e+I+G4    6849.231     202 14102.463    14494.865    14914.710
213  TIM3e+R2      7017.006     202 14438.011    14830.413    15250.258
214  TIM3e+R3      6889.392     204 14186.783    14590.841    15007.072
215  TIM3e+R4      6887.180     206 14186.360    14602.380    15014.691
222  TIM3+F        8030.467     203 16466.933    16865.125    17283.201
223  TIM3+F+I      7268.016     204 14944.032    15348.090    15764.321
224  TIM3+F+G4     6883.549     204 14175.098    14579.156    14995.387
225  TIM3+F+I+G4   6841.307     205 14092.614    14502.614    14916.923
226  TIM3+F+R2     7023.618     205 14457.236    14867.236    15281.545
227  TIM3+F+R3     6883.225     207 14180.450    14602.568    15012.802
228  TIM3+F+R4     6881.102     209 14180.204    14614.759    15020.598
235  TVMe          8052.192     201 16506.383    16893.069    17314.609
236  TVMe+I        7277.892     202 14959.784    15352.186    15772.030
237  TVMe+G4       6905.021     202 14214.042    14606.444    15026.288
238  TVMe+I+G4     6856.820     203 14119.641    14517.833    14935.909
239  TVMe+R2       7023.161     203 14452.322    14850.514    15268.590
240  TVMe+R3       6898.532     205 14207.064    14617.064    15031.374
241  TVMe+R4       6896.218     207 14206.436    14628.553    15038.788
248  TVM+F         8065.164     204 16538.327    16942.385    17358.616
249  TVM+F+I       7286.593     205 14983.186    15393.186    15807.496
250  TVM+F+G4      6898.737     205 14207.474    14617.474    15031.784
251  TVM+F+I+G4    6854.219     206 14120.439    14536.458    14948.769
252  TVM+F+R2      7040.300     206 14492.601    14908.620    15320.932
253  TVM+F+R3      6900.597     208 14217.194    14645.489    15053.567
254  TVM+F+R4      6898.425     210 14216.851    14657.746    15061.266
261  SYM           8031.461     202 16466.922    16859.324    17279.169
262  SYM+I         7265.589     203 14937.178    15335.370    15753.446
263  SYM+G4        6892.086     203 14190.171    14588.364    15006.439
264  SYM+I+G4      6846.966     204 14101.932    14505.990    14922.220
265  SYM+R2        7016.335     204 14440.669    14844.727    15260.958
266  SYM+R3        6887.700     206 14187.401    14603.420    15015.731
267  SYM+R4        6885.681     208 14187.362    14615.658    15023.735
274  GTR+F         8028.712     205 16467.424    16877.424    17291.734
275  GTR+F+I       7263.795     206 14939.590    15355.610    15767.921
276  GTR+F+G4      6875.327     206 14162.654    14578.673    14990.985
277  GTR+F+I+G4    6834.425     207 14082.850    14504.968    14915.202
278  GTR+F+R2      7022.408     207 14458.817    14880.934    15291.169
279  GTR+F+R3      6877.415     209 14172.831    14607.385    15013.224
280  GTR+F+R4      6875.911     211 14173.822    14621.142    15022.258
Akaike Information Criterion:           GTR+F+I+G4
Corrected Akaike Information Criterion: TIM3e+I+G4
Bayesian Information Criterion:         TIM3e+I+G4
Best-fit model: TIM3e+I+G4 chosen according to BIC

All model information printed to iqtree/otus.model.gz
CPU time for ModelFinder: 88.203 seconds (0h:1m:28s)
Wall-clock time for ModelFinder: 56.740 seconds (0h:0m:56s)
Generating 1000 samples for ultrafast bootstrap (seed: 839841)...

NOTE: 3 MB RAM (0 GB) is required!
Measuring multi-threading efficiency up to 12 CPU cores
Increase to 10 rounds for branch lengths
333 trees examined
Threads: 1 / Time: 12.030 sec / Speedup: 1.000 / Efficiency: 100% / LogL: -14769
Threads: 2 / Time: 11.375 sec / Speedup: 1.058 / Efficiency: 53% / LogL: -14769
Threads: 3 / Time: 10.525 sec / Speedup: 1.143 / Efficiency: 38% / LogL: -14769
BEST NUMBER OF THREADS: 2

Estimate model parameters (epsilon = 0.100)
Thoroughly optimizing +I+G parameters from 10 start values...
Init pinv, alpha: 0.000, 1.000 / Estimate: 0.000, 0.317 / LogL: -6895.283
Init pinv, alpha: 0.054, 1.000 / Estimate: 0.384, 0.601 / LogL: -6849.272
Init pinv, alpha: 0.108, 1.000 / Estimate: 0.385, 0.602 / LogL: -6849.266
Init pinv, alpha: 0.163, 1.000 / Estimate: 0.387, 0.606 / LogL: -6849.250
Init pinv, alpha: 0.217, 1.000 / Estimate: 0.387, 0.608 / LogL: -6849.243
Init pinv, alpha: 0.271, 1.000 / Estimate: 0.385, 0.603 / LogL: -6849.267
Init pinv, alpha: 0.325, 1.000 / Estimate: 0.385, 0.603 / LogL: -6849.268
Init pinv, alpha: 0.379, 1.000 / Estimate: 0.395, 0.628 / LogL: -6849.211
Init pinv, alpha: 0.434, 1.000 / Estimate: 0.404, 0.654 / LogL: -6849.248
Init pinv, alpha: 0.488, 1.000 / Estimate: 0.404, 0.654 / LogL: -6849.252
Optimal pinv,alpha: 0.395, 0.628 / LogL: -6849.211

Parameters optimization took 1.616 sec
Computing ML distances based on estimated model parameters... 0.156 sec
Computing BIONJ tree...
0.012 seconds
Log-likelihood of BIONJ tree: -6902.395
--------------------------------------------------------------------
|             INITIALIZING CANDIDATE TREE SET                      |
--------------------------------------------------------------------
Generating 98 parsimony trees... 0.965 second
Computing log-likelihood of 98 initial trees ... 0.941 seconds
Current best score: -6833.112

Do NNI search on 20 best initial trees
Estimate model parameters (epsilon = 0.100)
BETTER TREE FOUND at iteration 1: -6813.631
Estimate model parameters (epsilon = 0.100)
BETTER TREE FOUND at iteration 4: -6810.070
Iteration 10 / LogL: -6823.952 / Time: 0h:0m:39s
Iteration 20 / LogL: -6816.716 / Time: 0h:0m:41s
Finish initializing candidate tree set (18)
Current best tree score: -6810.070 / CPU time: 5.291
Number of iterations: 20
--------------------------------------------------------------------
|               OPTIMIZING CANDIDATE TREE SET                      |
--------------------------------------------------------------------
Estimate model parameters (epsilon = 0.100)
BETTER TREE FOUND at iteration 24: -6809.764
Estimate model parameters (epsilon = 0.100)
BETTER TREE FOUND at iteration 25: -6808.321
Iteration 30 / LogL: -6834.292 / Time: 0h:0m:42s (0h:2m:19s left)
Iteration 40 / LogL: -6811.819 / Time: 0h:0m:44s (0h:1m:37s left)
Iteration 50 / LogL: -6831.665 / Time: 0h:0m:46s (0h:1m:10s left)
Log-likelihood cutoff on original alignment: -6851.802
Estimate model parameters (epsilon = 0.100)
BETTER TREE FOUND at iteration 55: -6806.145
Iteration 60 / LogL: -6807.415 / Time: 0h:0m:48s (0h:1m:17s left)
Estimate model parameters (epsilon = 0.100)
BETTER TREE FOUND at iteration 61: -6805.752
Iteration 70 / LogL: -6826.753 / Time: 0h:0m:50s (0h:1m:6s left)
Iteration 80 / LogL: -6806.449 / Time: 0h:0m:52s (0h:0m:53s left)
Estimate model parameters (epsilon = 0.100)
BETTER TREE FOUND at iteration 90: -6804.846
Iteration 90 / LogL: -6804.846 / Time: 0h:0m:53s (0h:1m:0s left)
Estimate model parameters (epsilon = 0.100)
BETTER TREE FOUND at iteration 100: -6804.149
Iteration 100 / LogL: -6804.149 / Time: 0h:0m:55s (0h:0m:56s left)
Log-likelihood cutoff on original alignment: -6851.802
NOTE: Bootstrap correlation coefficient of split occurrence frequencies: 0.978
NOTE: UFBoot does not converge, continue at least 100 more iterations
Iteration 110 / LogL: -6974.464 / Time: 0h:0m:57s (0h:0m:47s left)
Iteration 120 / LogL: -6809.236 / Time: 0h:0m:59s (0h:0m:40s left)
Iteration 130 / LogL: -6805.882 / Time: 0h:1m:1s (0h:0m:33s left)
Iteration 140 / LogL: -6815.624 / Time: 0h:1m:3s (0h:0m:27s left)
Iteration 150 / LogL: -6806.873 / Time: 0h:1m:4s (0h:0m:21s left)
Log-likelihood cutoff on original alignment: -6851.802
Iteration 160 / LogL: -6804.262 / Time: 0h:1m:6s (0h:0m:16s left)
Iteration 170 / LogL: -6804.209 / Time: 0h:1m:8s (0h:0m:12s left)
UPDATE BEST LOG-LIKELIHOOD: -6804.148
Iteration 180 / LogL: -6867.511 / Time: 0h:1m:10s (0h:0m:7s left)
Estimate model parameters (epsilon = 0.100)
BETTER TREE FOUND at iteration 185: -6803.779
Iteration 190 / LogL: -6805.187 / Time: 0h:1m:11s (0h:0m:36s left)
Iteration 200 / LogL: -6804.171 / Time: 0h:1m:13s (0h:0m:31s left)
Log-likelihood cutoff on original alignment: -6851.802
NOTE: Bootstrap correlation coefficient of split occurrence frequencies: 0.998
Iteration 210 / LogL: -6808.970 / Time: 0h:1m:15s (0h:0m:32s left)
Iteration 220 / LogL: -6811.718 / Time: 0h:1m:17s (0h:0m:28s left)
Estimate model parameters (epsilon = 0.100)
BETTER TREE FOUND at iteration 225: -6803.700
Iteration 230 / LogL: -6809.027 / Time: 0h:1m:19s (0h:0m:32s left)
Iteration 240 / LogL: -6813.848 / Time: 0h:1m:21s (0h:0m:28s left)
Iteration 250 / LogL: -6803.814 / Time: 0h:1m:22s (0h:0m:24s left)
Log-likelihood cutoff on original alignment: -6851.802
Iteration 260 / LogL: -6818.060 / Time: 0h:1m:24s (0h:0m:21s left)
UPDATE BEST LOG-LIKELIHOOD: -6803.700
Iteration 270 / LogL: -6809.526 / Time: 0h:1m:26s (0h:0m:17s left)
Iteration 280 / LogL: -6832.507 / Time: 0h:1m:28s (0h:0m:14s left)
Iteration 290 / LogL: -6805.155 / Time: 0h:1m:30s (0h:0m:10s left)
Estimate model parameters (epsilon = 0.100)
BETTER TREE FOUND at iteration 298: -6803.619
Iteration 300 / LogL: -6810.720 / Time: 0h:1m:31s (0h:0m:30s left)
Log-likelihood cutoff on original alignment: -6851.802
NOTE: Bootstrap correlation coefficient of split occurrence frequencies: 0.998
Iteration 310 / LogL: -6810.011 / Time: 0h:1m:33s (0h:0m:27s left)
Iteration 320 / LogL: -6803.644 / Time: 0h:1m:35s (0h:0m:23s left)
Iteration 330 / LogL: -6806.037 / Time: 0h:1m:37s (0h:0m:20s left)
Iteration 340 / LogL: -6811.935 / Time: 0h:1m:38s (0h:0m:17s left)
Iteration 350 / LogL: -6804.583 / Time: 0h:1m:40s (0h:0m:14s left)
Log-likelihood cutoff on original alignment: -6851.802
Iteration 360 / LogL: -6804.525 / Time: 0h:1m:42s (0h:0m:11s left)
Iteration 370 / LogL: -6807.230 / Time: 0h:1m:44s (0h:0m:8s left)
Iteration 380 / LogL: -6804.268 / Time: 0h:1m:46s (0h:0m:5s left)
Iteration 390 / LogL: -6803.785 / Time: 0h:1m:48s (0h:0m:2s left)
TREE SEARCH COMPLETED AFTER 399 ITERATIONS / Time: 0h:1m:49s

--------------------------------------------------------------------
|                    FINALIZING TREE SEARCH                        |
--------------------------------------------------------------------
Performs final model parameters optimization
Estimate model parameters (epsilon = 0.010)
1. Initial log-likelihood: -6803.619
Optimal log-likelihood: -6803.618
Rate parameters:  A-C: 0.71573  A-G: 1.95297  A-T: 1.00000  C-G: 0.71573  C-T: 3.04254  G-T: 1.00000
Base frequencies:  A: 0.250  C: 0.250  G: 0.250  T: 0.250
Proportion of invariable sites: 0.377
Gamma shape alpha: 0.556
Parameters optimization took 1 rounds (0.028 sec)
BEST SCORE FOUND : -6803.618

Testing tree branches by SH-like aLRT with 1000 replicates...
0.647 sec.
Creating bootstrap support values...
Split supports printed to NEXUS file iqtree/otus.splits.nex
Total tree length: 7.920

Total number of iterations: 399
CPU time used for tree search: 136.812 sec (0h:2m:16s)
Wall-clock time used for tree search: 74.141 sec (0h:1m:14s)
Total CPU time used: 205.047 sec (0h:3m:25s)
Total wall-clock time used: 110.874 sec (0h:1m:50s)

Computing bootstrap consensus tree...
Reading input file iqtree/otus.splits.nex...
100 taxa and 588 splits.
Consensus tree written to iqtree/otus.contree
Reading input trees file iqtree/otus.contree
Log-likelihood of consensus tree: -6803.903

Analysis results written to: 
  IQ-TREE report:                iqtree/otus.iqtree
  Maximum-likelihood tree:       iqtree/otus.treefile
  Likelihood distances:          iqtree/otus.mldist

Ultrafast bootstrap approximation results written to:
  Split support values:          iqtree/otus.splits.nex
  Consensus tree:                iqtree/otus.contree
  Screen log file:               iqtree/otus.log

Date and Time: Wed May 27 00:41:45 2020
