INFO [2024-12-27 10:12:44] $x
INFO [2024-12-27 10:12:44] venn_list
INFO [2024-12-27 10:12:44] 
INFO [2024-12-27 10:12:44] $category.names
INFO [2024-12-27 10:12:44] c("Rhso", "Root", "Tbuso")
INFO [2024-12-27 10:12:44] 
INFO [2024-12-27 10:12:44] $filename
INFO [2024-12-27 10:12:44] NULL
INFO [2024-12-27 10:12:44] 
INFO [2024-12-27 10:12:44] $output
INFO [2024-12-27 10:12:44] [1] TRUE
INFO [2024-12-27 10:12:44] 
INFO [2024-12-27 10:12:44] $fill
INFO [2024-12-27 10:12:44] fill_colors
INFO [2024-12-27 10:12:44] 
INFO [2024-12-27 10:12:44] $alpha
INFO [2024-12-27 10:12:44] [1] 0.6
INFO [2024-12-27 10:12:44] 
INFO [2024-12-27 10:12:44] $cat.col
INFO [2024-12-27 10:12:44] fill_colors
INFO [2024-12-27 10:12:44] 
INFO [2024-12-27 10:12:44] $lwd
INFO [2024-12-27 10:12:44] [1] 0
INFO [2024-12-27 10:12:44] 
INFO [2024-12-27 10:12:44] $col
INFO [2024-12-27 10:12:44] [1] "transparent"
INFO [2024-12-27 10:12:44] 
