INFO [2024-12-27 10:13:35] $x
INFO [2024-12-27 10:13:35] venn_list
INFO [2024-12-27 10:13:35] 
INFO [2024-12-27 10:13:35] $category.names
INFO [2024-12-27 10:13:35] c("Rhso", "Root", "Tbuso")
INFO [2024-12-27 10:13:35] 
INFO [2024-12-27 10:13:35] $filename
INFO [2024-12-27 10:13:35] NULL
INFO [2024-12-27 10:13:35] 
INFO [2024-12-27 10:13:35] $output
INFO [2024-12-27 10:13:35] [1] TRUE
INFO [2024-12-27 10:13:35] 
INFO [2024-12-27 10:13:35] $fill
INFO [2024-12-27 10:13:35] fill_colors
INFO [2024-12-27 10:13:35] 
INFO [2024-12-27 10:13:35] $alpha
INFO [2024-12-27 10:13:35] [1] 0.6
INFO [2024-12-27 10:13:35] 
INFO [2024-12-27 10:13:35] $cat.col
INFO [2024-12-27 10:13:35] fill_colors
INFO [2024-12-27 10:13:35] 
INFO [2024-12-27 10:13:35] $lwd
INFO [2024-12-27 10:13:35] [1] 0
INFO [2024-12-27 10:13:35] 
INFO [2024-12-27 10:13:35] $col
INFO [2024-12-27 10:13:35] [1] "transparent"
INFO [2024-12-27 10:13:35] 
