INFO [2024-12-27 10:14:19] $x
INFO [2024-12-27 10:14:19] venn_list
INFO [2024-12-27 10:14:19] 
INFO [2024-12-27 10:14:19] $category.names
INFO [2024-12-27 10:14:19] c("Rhso", "Root", "Tbuso")
INFO [2024-12-27 10:14:19] 
INFO [2024-12-27 10:14:19] $filename
INFO [2024-12-27 10:14:19] NULL
INFO [2024-12-27 10:14:19] 
INFO [2024-12-27 10:14:19] $output
INFO [2024-12-27 10:14:19] [1] TRUE
INFO [2024-12-27 10:14:19] 
INFO [2024-12-27 10:14:19] $fill
INFO [2024-12-27 10:14:19] fill_colors
INFO [2024-12-27 10:14:19] 
INFO [2024-12-27 10:14:19] $alpha
INFO [2024-12-27 10:14:19] [1] 0.6
INFO [2024-12-27 10:14:19] 
INFO [2024-12-27 10:14:19] $cat.col
INFO [2024-12-27 10:14:19] fill_colors
INFO [2024-12-27 10:14:19] 
INFO [2024-12-27 10:14:19] $lwd
INFO [2024-12-27 10:14:19] [1] 0
INFO [2024-12-27 10:14:19] 
INFO [2024-12-27 10:14:19] $col
INFO [2024-12-27 10:14:19] [1] "transparent"
INFO [2024-12-27 10:14:19] 
